{"/home/roberts/Desktop/epicodus/pigDice2/src/js/scripts.js": {"path":"/home/roberts/Desktop/epicodus/pigDice2/src/js/scripts.js","statementMap":{"0":{"start":{"line":8,"column":2},"end":{"line":8,"column":16}},"1":{"start":{"line":9,"column":2},"end":{"line":9,"column":21}},"2":{"start":{"line":10,"column":2},"end":{"line":10,"column":22}},"3":{"start":{"line":11,"column":2},"end":{"line":11,"column":16}},"4":{"start":{"line":12,"column":2},"end":{"line":12,"column":31}},"5":{"start":{"line":15,"column":14},"end":{"line":15,"column":26}},"6":{"start":{"line":16,"column":14},"end":{"line":16,"column":26}},"7":{"start":{"line":19,"column":0},"end":{"line":23,"column":1}},"8":{"start":{"line":20,"column":18},"end":{"line":20,"column":42}},"9":{"start":{"line":22,"column":2},"end":{"line":22,"column":33}},"10":{"start":{"line":26,"column":0},"end":{"line":29,"column":1}},"11":{"start":{"line":27,"column":19},"end":{"line":27,"column":43}},"12":{"start":{"line":28,"column":2},"end":{"line":28,"column":34}},"13":{"start":{"line":31,"column":0},"end":{"line":41,"column":1}},"14":{"start":{"line":32,"column":2},"end":{"line":32,"column":48}},"15":{"start":{"line":33,"column":2},"end":{"line":33,"column":17}},"16":{"start":{"line":34,"column":2},"end":{"line":40,"column":3}},"17":{"start":{"line":35,"column":6},"end":{"line":35,"column":25}},"18":{"start":{"line":36,"column":6},"end":{"line":36,"column":31}},"19":{"start":{"line":37,"column":9},"end":{"line":40,"column":3}},"20":{"start":{"line":38,"column":6},"end":{"line":38,"column":34}},"21":{"start":{"line":39,"column":6},"end":{"line":39,"column":29}},"22":{"start":{"line":44,"column":0},"end":{"line":49,"column":1}},"23":{"start":{"line":45,"column":2},"end":{"line":45,"column":36}},"24":{"start":{"line":46,"column":2},"end":{"line":46,"column":21}},"25":{"start":{"line":47,"column":2},"end":{"line":47,"column":16}},"26":{"start":{"line":48,"column":2},"end":{"line":48,"column":16}},"27":{"start":{"line":51,"column":0},"end":{"line":55,"column":1}},"28":{"start":{"line":52,"column":2},"end":{"line":54,"column":3}},"29":{"start":{"line":53,"column":4},"end":{"line":53,"column":46}},"30":{"start":{"line":62,"column":0},"end":{"line":94,"column":3}},"31":{"start":{"line":63,"column":2},"end":{"line":71,"column":5}},"32":{"start":{"line":64,"column":4},"end":{"line":64,"column":27}},"33":{"start":{"line":65,"column":4},"end":{"line":65,"column":20}},"34":{"start":{"line":66,"column":4},"end":{"line":66,"column":43}},"35":{"start":{"line":67,"column":4},"end":{"line":67,"column":23}},"36":{"start":{"line":68,"column":4},"end":{"line":68,"column":22}},"37":{"start":{"line":69,"column":4},"end":{"line":69,"column":72}},"38":{"start":{"line":70,"column":4},"end":{"line":70,"column":66}},"39":{"start":{"line":72,"column":2},"end":{"line":76,"column":5}},"40":{"start":{"line":73,"column":4},"end":{"line":73,"column":19}},"41":{"start":{"line":74,"column":4},"end":{"line":74,"column":70}},"42":{"start":{"line":75,"column":4},"end":{"line":75,"column":21}},"43":{"start":{"line":77,"column":2},"end":{"line":85,"column":5}},"44":{"start":{"line":78,"column":4},"end":{"line":78,"column":27}},"45":{"start":{"line":79,"column":4},"end":{"line":79,"column":20}},"46":{"start":{"line":80,"column":4},"end":{"line":80,"column":43}},"47":{"start":{"line":81,"column":4},"end":{"line":81,"column":22}},"48":{"start":{"line":82,"column":4},"end":{"line":82,"column":22}},"49":{"start":{"line":83,"column":4},"end":{"line":83,"column":72}},"50":{"start":{"line":84,"column":4},"end":{"line":84,"column":66}},"51":{"start":{"line":86,"column":2},"end":{"line":90,"column":5}},"52":{"start":{"line":87,"column":4},"end":{"line":87,"column":19}},"53":{"start":{"line":88,"column":4},"end":{"line":88,"column":70}},"54":{"start":{"line":89,"column":4},"end":{"line":89,"column":21}},"55":{"start":{"line":91,"column":2},"end":{"line":93,"column":5}},"56":{"start":{"line":92,"column":4},"end":{"line":92,"column":22}}},"fnMap":{"0":{"name":"Player","decl":{"start":{"line":7,"column":16},"end":{"line":7,"column":22}},"loc":{"start":{"line":7,"column":35},"end":{"line":13,"column":1}},"line":7},"1":{"name":"(anonymous_1)","decl":{"start":{"line":19,"column":25},"end":{"line":19,"column":26}},"loc":{"start":{"line":19,"column":37},"end":{"line":23,"column":1}},"line":19},"2":{"name":"(anonymous_2)","decl":{"start":{"line":26,"column":25},"end":{"line":26,"column":26}},"loc":{"start":{"line":26,"column":37},"end":{"line":29,"column":1}},"line":26},"3":{"name":"(anonymous_3)","decl":{"start":{"line":31,"column":27},"end":{"line":31,"column":28}},"loc":{"start":{"line":31,"column":39},"end":{"line":41,"column":1}},"line":31},"4":{"name":"(anonymous_4)","decl":{"start":{"line":44,"column":24},"end":{"line":44,"column":25}},"loc":{"start":{"line":44,"column":36},"end":{"line":49,"column":1}},"line":44},"5":{"name":"(anonymous_5)","decl":{"start":{"line":51,"column":26},"end":{"line":51,"column":27}},"loc":{"start":{"line":51,"column":38},"end":{"line":55,"column":1}},"line":51},"6":{"name":"(anonymous_6)","decl":{"start":{"line":62,"column":18},"end":{"line":62,"column":19}},"loc":{"start":{"line":62,"column":29},"end":{"line":94,"column":1}},"line":62},"7":{"name":"(anonymous_7)","decl":{"start":{"line":63,"column":26},"end":{"line":63,"column":27}},"loc":{"start":{"line":63,"column":42},"end":{"line":71,"column":3}},"line":63},"8":{"name":"(anonymous_8)","decl":{"start":{"line":72,"column":26},"end":{"line":72,"column":27}},"loc":{"start":{"line":72,"column":42},"end":{"line":76,"column":3}},"line":72},"9":{"name":"(anonymous_9)","decl":{"start":{"line":77,"column":26},"end":{"line":77,"column":27}},"loc":{"start":{"line":77,"column":42},"end":{"line":85,"column":3}},"line":77},"10":{"name":"(anonymous_10)","decl":{"start":{"line":86,"column":26},"end":{"line":86,"column":27}},"loc":{"start":{"line":86,"column":42},"end":{"line":90,"column":3}},"line":86},"11":{"name":"(anonymous_11)","decl":{"start":{"line":91,"column":22},"end":{"line":91,"column":23}},"loc":{"start":{"line":91,"column":33},"end":{"line":93,"column":3}},"line":91}},"branchMap":{"0":{"loc":{"start":{"line":34,"column":2},"end":{"line":40,"column":3}},"type":"if","locations":[{"start":{"line":34,"column":2},"end":{"line":40,"column":3}},{"start":{"line":34,"column":2},"end":{"line":40,"column":3}}],"line":34},"1":{"loc":{"start":{"line":37,"column":9},"end":{"line":40,"column":3}},"type":"if","locations":[{"start":{"line":37,"column":9},"end":{"line":40,"column":3}},{"start":{"line":37,"column":9},"end":{"line":40,"column":3}}],"line":37},"2":{"loc":{"start":{"line":52,"column":2},"end":{"line":54,"column":3}},"type":"if","locations":[{"start":{"line":52,"column":2},"end":{"line":54,"column":3}},{"start":{"line":52,"column":2},"end":{"line":54,"column":3}}],"line":52}},"s":{"0":4,"1":4,"2":4,"3":4,"4":4,"5":1,"6":1,"7":1,"8":0,"9":0,"10":1,"11":0,"12":0,"13":1,"14":0,"15":0,"16":0,"17":0,"18":0,"19":0,"20":0,"21":0,"22":1,"23":0,"24":0,"25":0,"26":0,"27":1,"28":0,"29":0,"30":1,"31":0,"32":0,"33":0,"34":0,"35":0,"36":0,"37":0,"38":0,"39":0,"40":0,"41":0,"42":0,"43":0,"44":0,"45":0,"46":0,"47":0,"48":0,"49":0,"50":0,"51":0,"52":0,"53":0,"54":0,"55":0,"56":0},"f":{"0":4,"1":0,"2":0,"3":0,"4":0,"5":0,"6":0,"7":0,"8":0,"9":0,"10":0,"11":0},"b":{"0":[0,0],"1":[0,0],"2":[0,0]},"_coverageSchema":"43e27e138ebf9cfc5966b082cf9a028302ed4184","hash":"082d85d145034b1ef31523a98c09e91ddb52a6f5"}
}
