{"/home/roberts/Desktop/epicodus/pigDice2/src/js/scripts.js": {"path":"/home/roberts/Desktop/epicodus/pigDice2/src/js/scripts.js","statementMap":{"0":{"start":{"line":8,"column":2},"end":{"line":8,"column":16}},"1":{"start":{"line":9,"column":2},"end":{"line":9,"column":21}},"2":{"start":{"line":10,"column":2},"end":{"line":10,"column":22}},"3":{"start":{"line":11,"column":2},"end":{"line":11,"column":16}},"4":{"start":{"line":12,"column":2},"end":{"line":12,"column":31}},"5":{"start":{"line":15,"column":14},"end":{"line":15,"column":26}},"6":{"start":{"line":16,"column":14},"end":{"line":16,"column":26}},"7":{"start":{"line":19,"column":0},"end":{"line":23,"column":1}},"8":{"start":{"line":20,"column":18},"end":{"line":20,"column":42}},"9":{"start":{"line":22,"column":2},"end":{"line":22,"column":33}},"10":{"start":{"line":26,"column":0},"end":{"line":29,"column":1}},"11":{"start":{"line":27,"column":19},"end":{"line":27,"column":43}},"12":{"start":{"line":28,"column":2},"end":{"line":28,"column":34}},"13":{"start":{"line":31,"column":0},"end":{"line":39,"column":1}},"14":{"start":{"line":32,"column":2},"end":{"line":32,"column":48}},"15":{"start":{"line":33,"column":2},"end":{"line":33,"column":17}},"16":{"start":{"line":34,"column":2},"end":{"line":38,"column":3}},"17":{"start":{"line":35,"column":6},"end":{"line":35,"column":32}},"18":{"start":{"line":36,"column":9},"end":{"line":38,"column":3}},"19":{"start":{"line":37,"column":6},"end":{"line":37,"column":41}},"20":{"start":{"line":41,"column":0},"end":{"line":47,"column":1}},"21":{"start":{"line":42,"column":2},"end":{"line":42,"column":36}},"22":{"start":{"line":43,"column":2},"end":{"line":43,"column":21}},"23":{"start":{"line":44,"column":2},"end":{"line":44,"column":16}},"24":{"start":{"line":45,"column":2},"end":{"line":45,"column":16}},"25":{"start":{"line":46,"column":2},"end":{"line":46,"column":25}},"26":{"start":{"line":49,"column":0},"end":{"line":54,"column":1}},"27":{"start":{"line":50,"column":2},"end":{"line":52,"column":3}},"28":{"start":{"line":51,"column":4},"end":{"line":51,"column":46}},"29":{"start":{"line":53,"column":2},"end":{"line":53,"column":25}},"30":{"start":{"line":61,"column":0},"end":{"line":93,"column":3}},"31":{"start":{"line":62,"column":2},"end":{"line":70,"column":5}},"32":{"start":{"line":63,"column":4},"end":{"line":63,"column":27}},"33":{"start":{"line":64,"column":4},"end":{"line":64,"column":20}},"34":{"start":{"line":65,"column":4},"end":{"line":65,"column":43}},"35":{"start":{"line":66,"column":4},"end":{"line":66,"column":23}},"36":{"start":{"line":67,"column":4},"end":{"line":67,"column":22}},"37":{"start":{"line":68,"column":4},"end":{"line":68,"column":72}},"38":{"start":{"line":69,"column":4},"end":{"line":69,"column":66}},"39":{"start":{"line":71,"column":2},"end":{"line":75,"column":5}},"40":{"start":{"line":72,"column":4},"end":{"line":72,"column":19}},"41":{"start":{"line":73,"column":4},"end":{"line":73,"column":70}},"42":{"start":{"line":74,"column":4},"end":{"line":74,"column":21}},"43":{"start":{"line":76,"column":2},"end":{"line":84,"column":5}},"44":{"start":{"line":77,"column":4},"end":{"line":77,"column":27}},"45":{"start":{"line":78,"column":4},"end":{"line":78,"column":20}},"46":{"start":{"line":79,"column":4},"end":{"line":79,"column":43}},"47":{"start":{"line":80,"column":4},"end":{"line":80,"column":22}},"48":{"start":{"line":81,"column":4},"end":{"line":81,"column":22}},"49":{"start":{"line":82,"column":4},"end":{"line":82,"column":72}},"50":{"start":{"line":83,"column":4},"end":{"line":83,"column":66}},"51":{"start":{"line":85,"column":2},"end":{"line":89,"column":5}},"52":{"start":{"line":86,"column":4},"end":{"line":86,"column":19}},"53":{"start":{"line":87,"column":4},"end":{"line":87,"column":70}},"54":{"start":{"line":88,"column":4},"end":{"line":88,"column":21}},"55":{"start":{"line":90,"column":2},"end":{"line":92,"column":5}},"56":{"start":{"line":91,"column":4},"end":{"line":91,"column":22}}},"fnMap":{"0":{"name":"Player","decl":{"start":{"line":7,"column":16},"end":{"line":7,"column":22}},"loc":{"start":{"line":7,"column":35},"end":{"line":13,"column":1}},"line":7},"1":{"name":"(anonymous_1)","decl":{"start":{"line":19,"column":25},"end":{"line":19,"column":26}},"loc":{"start":{"line":19,"column":37},"end":{"line":23,"column":1}},"line":19},"2":{"name":"(anonymous_2)","decl":{"start":{"line":26,"column":25},"end":{"line":26,"column":26}},"loc":{"start":{"line":26,"column":37},"end":{"line":29,"column":1}},"line":26},"3":{"name":"(anonymous_3)","decl":{"start":{"line":31,"column":27},"end":{"line":31,"column":28}},"loc":{"start":{"line":31,"column":39},"end":{"line":39,"column":1}},"line":31},"4":{"name":"(anonymous_4)","decl":{"start":{"line":41,"column":24},"end":{"line":41,"column":25}},"loc":{"start":{"line":41,"column":36},"end":{"line":47,"column":1}},"line":41},"5":{"name":"(anonymous_5)","decl":{"start":{"line":49,"column":26},"end":{"line":49,"column":27}},"loc":{"start":{"line":49,"column":38},"end":{"line":54,"column":1}},"line":49},"6":{"name":"(anonymous_6)","decl":{"start":{"line":61,"column":18},"end":{"line":61,"column":19}},"loc":{"start":{"line":61,"column":29},"end":{"line":93,"column":1}},"line":61},"7":{"name":"(anonymous_7)","decl":{"start":{"line":62,"column":26},"end":{"line":62,"column":27}},"loc":{"start":{"line":62,"column":42},"end":{"line":70,"column":3}},"line":62},"8":{"name":"(anonymous_8)","decl":{"start":{"line":71,"column":26},"end":{"line":71,"column":27}},"loc":{"start":{"line":71,"column":42},"end":{"line":75,"column":3}},"line":71},"9":{"name":"(anonymous_9)","decl":{"start":{"line":76,"column":26},"end":{"line":76,"column":27}},"loc":{"start":{"line":76,"column":42},"end":{"line":84,"column":3}},"line":76},"10":{"name":"(anonymous_10)","decl":{"start":{"line":85,"column":26},"end":{"line":85,"column":27}},"loc":{"start":{"line":85,"column":42},"end":{"line":89,"column":3}},"line":85},"11":{"name":"(anonymous_11)","decl":{"start":{"line":90,"column":22},"end":{"line":90,"column":23}},"loc":{"start":{"line":90,"column":33},"end":{"line":92,"column":3}},"line":90}},"branchMap":{"0":{"loc":{"start":{"line":34,"column":2},"end":{"line":38,"column":3}},"type":"if","locations":[{"start":{"line":34,"column":2},"end":{"line":38,"column":3}},{"start":{"line":34,"column":2},"end":{"line":38,"column":3}}],"line":34},"1":{"loc":{"start":{"line":36,"column":9},"end":{"line":38,"column":3}},"type":"if","locations":[{"start":{"line":36,"column":9},"end":{"line":38,"column":3}},{"start":{"line":36,"column":9},"end":{"line":38,"column":3}}],"line":36},"2":{"loc":{"start":{"line":50,"column":2},"end":{"line":52,"column":3}},"type":"if","locations":[{"start":{"line":50,"column":2},"end":{"line":52,"column":3}},{"start":{"line":50,"column":2},"end":{"line":52,"column":3}}],"line":50}},"s":{"0":7,"1":7,"2":7,"3":7,"4":7,"5":1,"6":1,"7":1,"8":0,"9":0,"10":1,"11":0,"12":0,"13":1,"14":2,"15":2,"16":2,"17":1,"18":1,"19":1,"20":1,"21":1,"22":1,"23":1,"24":1,"25":1,"26":1,"27":1,"28":1,"29":1,"30":1,"31":0,"32":0,"33":0,"34":0,"35":0,"36":0,"37":0,"38":0,"39":0,"40":0,"41":0,"42":0,"43":0,"44":0,"45":0,"46":0,"47":0,"48":0,"49":0,"50":0,"51":0,"52":0,"53":0,"54":0,"55":0,"56":0},"f":{"0":7,"1":0,"2":0,"3":2,"4":1,"5":1,"6":0,"7":0,"8":0,"9":0,"10":0,"11":0},"b":{"0":[1,1],"1":[1,0],"2":[1,0]},"_coverageSchema":"43e27e138ebf9cfc5966b082cf9a028302ed4184","hash":"69331a7956f94bbd814122be0543b72fb71a95f0"}
}
