TN:
SF:/home/roberts/Desktop/epicodus/pigDice2/src/js/scripts.js
FN:7,Player
FN:19,(anonymous_1)
FN:26,(anonymous_2)
FN:31,(anonymous_3)
FN:41,(anonymous_4)
FN:49,(anonymous_5)
FN:61,(anonymous_6)
FN:62,(anonymous_7)
FN:71,(anonymous_8)
FN:76,(anonymous_9)
FN:85,(anonymous_10)
FN:90,(anonymous_11)
FNF:12
FNH:4
FNDA:7,Player
FNDA:0,(anonymous_1)
FNDA:0,(anonymous_2)
FNDA:2,(anonymous_3)
FNDA:1,(anonymous_4)
FNDA:1,(anonymous_5)
FNDA:0,(anonymous_6)
FNDA:0,(anonymous_7)
FNDA:0,(anonymous_8)
FNDA:0,(anonymous_9)
FNDA:0,(anonymous_10)
FNDA:0,(anonymous_11)
DA:8,7
DA:9,7
DA:10,7
DA:11,7
DA:12,7
DA:15,1
DA:16,1
DA:19,1
DA:20,0
DA:22,0
DA:26,1
DA:27,0
DA:28,0
DA:31,1
DA:32,2
DA:33,2
DA:34,2
DA:35,1
DA:36,1
DA:37,1
DA:41,1
DA:42,1
DA:43,1
DA:44,1
DA:45,1
DA:46,1
DA:49,1
DA:50,1
DA:51,1
DA:53,1
DA:61,1
DA:62,0
DA:63,0
DA:64,0
DA:65,0
DA:66,0
DA:67,0
DA:68,0
DA:69,0
DA:71,0
DA:72,0
DA:73,0
DA:74,0
DA:76,0
DA:77,0
DA:78,0
DA:79,0
DA:80,0
DA:81,0
DA:82,0
DA:83,0
DA:85,0
DA:86,0
DA:87,0
DA:88,0
DA:90,0
DA:91,0
LF:57
LH:27
BRDA:34,0,0,1
BRDA:34,0,1,1
BRDA:36,1,0,1
BRDA:36,1,1,0
BRDA:50,2,0,1
BRDA:50,2,1,0
BRF:6
BRH:4
end_of_record
